<?xml version="1.0" encoding="UTF-8"?>
<testsuite name="memory.MemoryFinderTest" tests="1" skipped="0" failures="0" errors="0" timestamp="2025-09-08T07:36:31" hostname="WONHO_DESKTOP" time="0.077">
  <properties/>
  <testcase name="get()" classname="memory.MemoryFinderTest" time="0.077"/>
  <system-out><![CDATA[memory = Memory{used=17948672, max=536870912}
]]></system-out>
  <system-err><![CDATA[]]></system-err>
</testsuite>
